[Message:   BepInEx] BepInEx 5.4.22.0 - Lethal Company (02.01.2024 12:04:56)
[Info   :   BepInEx] Running under Unity v2022.3.9.15351836
[Info   :   BepInEx] CLR runtime version: 4.0.30319.42000
[Info   :   BepInEx] Supports SRE: True
[Info   :   BepInEx] System platform: Bits64, Windows
[Message:   BepInEx] Preloader started
[Info   :   BepInEx] Loaded 1 patcher method from [BepInEx.Preloader 5.4.22.0]
[Info   :   BepInEx] 1 patcher plugin loaded
[Info   :   BepInEx] Patching [UnityEngine.CoreModule] with [BepInEx.Chainloader]
[Message:   BepInEx] Preloader finished
[Message:   BepInEx] Chainloader ready
[Message:   BepInEx] Chainloader started
[Info   :   BepInEx] 44 plugins to load
[Info   :   BepInEx] Loading [Terminal Api 1.3.0]
[Info   :Terminal Api] Plugin TerminalApi is loaded!
[Info   :   BepInEx] Loading [LC_API 2.1.4]
[Warning:    LC_API] 
.____    _________           _____  __________ .___  
|    |   \_   ___ \         /  _  \ \______   \|   | 
|    |   /    \  \/        /  /_\  \ |     ___/|   | 
|    |___\     \____      /    |    \|    |    |   | 
|_______ \\______  /______\____|__  /|____|    |___| 
        \/       \//_____/        \/                 
                                                     
[Info   :    LC_API] LC_API Starting up..
[Info   :   BepInEx] Loading [MoreDeathNotes 1.0.0]
[Info   :MoreDeathNotes] Plugin MoreDeathNotes (com.anythinggoesgit.moredeathnotes) is loaded!
[Info   :MoreDeathNotes] Checking for LC_API...
[Info   :MoreDeathNotes] LCAPI is present! LC_API:2.1.4
[Info   :MoreDeathNotes] Initializing DeathBroadcaster...
[Info   :MoreDeathNotes] LC_API is present! Registering signature...
[Info   :   BepInEx] Loading [ShipLobby 1.0.2]
[Info   :   BepInEx] Loading [ShipLoot 1.0]
[Info   :   BepInEx] Loading [MoreCompany 1.7.2]
[Info   :MoreCompany] Loading MoreCompany...
[Info   :MoreCompany] Checking: C:\Program Files (x86)\Steam\steamapps\common\Lethal Company\BepInEx\plugins/MoreCompanyCosmetics
[Info   :MoreCompany] Read settings and cosmetics
[Info   :MoreCompany] Loaded cosmetic: builtin.3dglasses from bundle
[Info   :MoreCompany] Loaded cosmetic: builtin.bunnyears from bundle
[Info   :MoreCompany] Loaded cosmetic: builtin.denimhat from bundle
[Info   :MoreCompany] Loaded cosmetic: builtin.fancyglasses from bundle
[Info   :MoreCompany] Loaded cosmetic: builtin.partyglasses from bundle
[Info   :MoreCompany] Loaded cosmetic: builtin.gunholster from bundle
[Info   :MoreCompany] Loaded cosmetic: builtin.hardhat from bundle
[Info   :MoreCompany] Loaded cosmetic: builtin.jesterhat from bundle
[Info   :MoreCompany] Loaded cosmetic: builtin.kittyears from bundle
[Info   :MoreCompany] Loaded cosmetic: builtin.mimemask from bundle
[Info   :MoreCompany] Loaded cosmetic: builtin.fancypants from bundle
[Info   :MoreCompany] Loaded cosmetic: builtin.outoforder from bundle
[Info   :MoreCompany] Loaded cosmetic: builtin.partyhat from bundle
[Info   :MoreCompany] Loaded cosmetic: builtin.plaguemask from bundle
[Info   :MoreCompany] Loaded cosmetic: builtin.propellerhat from bundle
[Info   :MoreCompany] Loaded cosmetic: builtin.eyeballs from bundle
[Info   :MoreCompany] Loaded cosmetic: builtin.rudolph from bundle
[Info   :MoreCompany] Loaded cosmetic: builtin.santahat from bundle
[Info   :MoreCompany] Loaded cosmetic: builtin.slimething from bundle
[Info   :MoreCompany] Loaded cosmetic: builtin.tophat from bundle
[Info   :MoreCompany] Loaded cosmetic: builtin.watch from bundle
[Info   :MoreCompany] Loading USER COSMETICS...
[Info   :MoreCompany] Loaded cosmetic: morehead.shierdora from bundle
[Info   :MoreCompany] Loaded cosmetic: morehead.Mangguo from bundle
[Info   :MoreCompany] Loaded cosmetic: morehead.Abutou from bundle
[Info   :MoreCompany] Loaded cosmetic: morehead.Ayinaodai from bundle
[Info   :MoreCompany] Loaded cosmetic: bigjoey.diamondchestplate from bundle
[Info   :MoreCompany] Loaded cosmetic: morehead.lingdang from bundle
[Info   :MoreCompany] Loaded MoreCompany FULLY
[Info   :   BepInEx] Loading [Lethal Company Input Utils 0.4.2]
[Info   :Lethal Company Input Utils] Plugin com.rune580.LethalCompanyInputUtils is loaded!
[Info   :   BepInEx] Loading [Lethal Ping 1.2.2]
[Info   :com.greyull.lethalping] LethalPing Plugin Loaded
[Info   :   BepInEx] Loading [Custom LoudHorn SFX 1.0.0]
[Info   :com.malco.lethalcompany.customhorn] CustomHorn has been Patched
[Info   :   BepInEx] Loading [Custom Boombox Music 1.3.1]
[Info   :Custom Boombox Music] Loading...
[Info   :Custom Boombox Music] Initializing config...
[Info   :Custom Boombox Music] Config initialized!
[Info   :Custom Boombox Music] Loading Complete!
[Info   :   BepInEx] Loading [Compass 1.0.0]
[Info   :   Compass] Plugin Compass is loaded!
[Info   :   BepInEx] Loading [ItemQuickSwitchMod 1.1.0]
[Info   :ItemQuickSwitchMod] ItemQuickSwitchMod is creating binds!
[Info   :ItemQuickSwitchMod] Plugin ItemQuickSwitchMod is loaded!
[Info   :   BepInEx] Loading [DiscountAlert 1.0.0.0]
[Info   :DiscountAlert] Plugin discount.alert is loaded!
[Info   :   BepInEx] Loading [DetailedScan 1.1.2.0]
[Info   :fivetoofive.DetailedScan] DetailedScan is loaded!
[Info   :   BepInEx] Loading [ObjectVolumeController 1.0.3]
[Info   :ObjectVolumeController] ObjectVolumeController loaded
[Info   :   BepInEx] Loading [SignalTranslatorUpgrade 1.0.0]
[Info   :SignalTranslatorUpgrade] Plugin SignalTranslatorUpgrade is loaded!
[Info   :   BepInEx] Loading [Fair AI 1.0.0]
[Info   :GoldenKitten.FairAI] Fair AI initiated!
[Info   :   BepInEx] Loading [HideModList 1.0.0]
[Info   :HideModList] Plugin HideModList is loaded!
[Info   :   BepInEx] Loading [IntroTweaks 1.2.2]
[Info   :IntroTweaks] Plugin loaded.
[Info   :   BepInEx] Loading [FastSwitchPlayerViewInRadar 1.3.0]
[Info   :FastSwitchPlayerViewInRadar] krystall9.FastSwitchPlayerViewInRadar plugin has been loaded!
[Info   :   BepInEx] Loading [LC_Masked_Fix 0.0.1]
[Info   :kuba6000.LC_MimicFixMod] Mimic Fix Awaken!
[Info   :kuba6000.LC_MimicFixMod] Patching MaskedPlayerEnemy
[Info   :   BepInEx] Loading [LethalAPI.TerminalCommands 1.1.0]
[Info   :LethalAPI.TerminalCommands] LethalAPI.TerminalCommands is loading...
[Info   :LethalAPI.TerminalCommands] Installing patches
[Info   :LethalAPI.TerminalCommands] Registering built-in Commands
[Info   :LethalAPI.TerminalCommands] Plugin LethalAPI.TerminalCommands is loaded!
[Info   :   BepInEx] Loading [MaskedEnemyRework 2.1.0]
[Info   :MaskedEnemyRework] Plugin MaskedEnemyRework is loaded! Woohoo!
[Info   :   BepInEx] Loading [HornMoan 2.0.0]
[Info   :MetalPipeSFX.HornMoan] The Moaning is Loading
[Info   :MetalPipeSFX.HornMoan] Loaded The Moaning Successfully
[Info   :   BepInEx] Loading [MoreHead 1.2.1]
[Info   :  MoreHead] MoreHead OK
[Info   :  MoreHead] MoreHead Asset OK
[Info   :  MoreHead] Successfully loaded cosmetic: morehead.yan
[Warning:  MoreHead] fanxiangyanlizi ok.
[Info   :  MoreHead] Successfully loaded cosmetic: morehead.fanxiangyan
[Info   :  MoreHead] Successfully loaded cosmetic: morehead.cathead
[Info   :  MoreHead] Successfully loaded cosmetic: morehead.pighead
[Info   :  MoreHead] Successfully loaded cosmetic: morehead.caomao
[Info   :  MoreHead] Successfully loaded cosmetic: morehead.xiangsuyanjing
[Info   :  MoreHead] Successfully loaded cosmetic: morehead.shuimao
[Info   :  MoreHead] Successfully loaded cosmetic: morehead.xiguatou
[Info   :  MoreHead] Successfully loaded cosmetic: morehead.dallas
[Info   :  MoreHead] Successfully loaded cosmetic: morehead.shoulian
[Info   :  MoreHead] Successfully loaded cosmetic: morehead.biao
[Info   :  MoreHead] Successfully loaded cosmetic: morehead.heiweijin
[Info   :  MoreHead] Successfully loaded cosmetic: morehead.jinshouhuan
[Info   :  MoreHead] Successfully loaded cosmetic: morehead.mianzhao
[Info   :  MoreHead] Successfully loaded cosmetic: morehead.koushuibu
[Info   :  MoreHead] Successfully loaded cosmetic: morehead.kunkuntou
[Info   :  MoreHead] Successfully loaded cosmetic: morehead.yashua
[Info   :  MoreHead] Successfully loaded cosmetic: morehead.yuguaqi
[Info   :   BepInEx] Loading [Scaled Penalty Mod 1.0.0.0]
[Info   :Migis.ScaledPenaltyMod] Scaled Penalty Mod Awoken
[Info   :   BepInEx] Loading [MoreEmotes-Sligili 1.2.0]
[Info   :MoreEmotes-Sligili] MoreEmotes loaded
[Info   :   BepInEx] Loading [Symbiosis 1.0.2]
[Info   :   BepInEx] Loading [BepInUtils 1.2.1]
[Info   :BepInUtils] System loaded.
[Info   :   BepInEx] Loading [Spawnable Store Items 0.1.2]
[Info   :Spawnable Store Items] [Production] Patched class SpawnPatcher, containing 1 method.
[Info   :   BepInEx] Loading [Skinwalker Mod 1.0.8]
[Info   :RugbugRedfern.SkinwalkerMod] SKINWALKER MOD STARTING UP 1.0.8
[Info   :RugbugRedfern.SkinwalkerMod] VoiceEnabled_BaboonHawk VALUE LOADED FROM CONFIG: [False]
[Info   :RugbugRedfern.SkinwalkerMod] VoiceEnabled_Bracken VALUE LOADED FROM CONFIG: [True]
[Info   :RugbugRedfern.SkinwalkerMod] VoiceEnabled_BunkerSpider VALUE LOADED FROM CONFIG: [False]
[Info   :RugbugRedfern.SkinwalkerMod] VoiceEnabled_Centipede VALUE LOADED FROM CONFIG: [True]
[Info   :RugbugRedfern.SkinwalkerMod] VoiceEnabled_CoilHead VALUE LOADED FROM CONFIG: [False]
[Info   :RugbugRedfern.SkinwalkerMod] VoiceEnabled_EyelessDog VALUE LOADED FROM CONFIG: [True]
[Info   :RugbugRedfern.SkinwalkerMod] VoiceEnabled_ForestGiant VALUE LOADED FROM CONFIG: [False]
[Info   :RugbugRedfern.SkinwalkerMod] VoiceEnabled_GhostGirl VALUE LOADED FROM CONFIG: [False]
[Info   :RugbugRedfern.SkinwalkerMod] VoiceEnabled_GiantWorm VALUE LOADED FROM CONFIG: [False]
[Info   :RugbugRedfern.SkinwalkerMod] VoiceEnabled_HoardingBug VALUE LOADED FROM CONFIG: [False]
[Info   :RugbugRedfern.SkinwalkerMod] VoiceEnabled_Hygrodere VALUE LOADED FROM CONFIG: [False]
[Info   :RugbugRedfern.SkinwalkerMod] VoiceEnabled_Jester VALUE LOADED FROM CONFIG: [True]
[Info   :RugbugRedfern.SkinwalkerMod] VoiceEnabled_Masked VALUE LOADED FROM CONFIG: [True]
[Info   :RugbugRedfern.SkinwalkerMod] VoiceEnabled_Nutcracker VALUE LOADED FROM CONFIG: [True]
[Info   :RugbugRedfern.SkinwalkerMod] VoiceEnabled_SporeLizard VALUE LOADED FROM CONFIG: [False]
[Info   :RugbugRedfern.SkinwalkerMod] VoiceEnabled_Thumper VALUE LOADED FROM CONFIG: [False]
[Info   :RugbugRedfern.SkinwalkerMod] VoiceLineFrequency VALUE LOADED FROM CONFIG: [1]
[Info   :RugbugRedfern.SkinwalkerMod] Skinwalker Mod Object Initialized
[Info   :   BepInEx] Loading [FlashlightFix 1.0.0]
[Info   :FlashlightFix] FlashlightFix loaded.
[Info   :   BepInEx] Loading [Paint Color Switch Mod 1.0.0]
[Info   :Paint Color Switch Mod] Plugin Silvision.PaintColorSwitchMod is loaded!
[Info   :   BepInEx] Loading [Solo's Bodycams 1.0]
[Info   :Solo's Bodycams] True
[Info   :Solo's Bodycams] Plugin SolosBodycams is loaded!
[Info   :   BepInEx] Loading [SpectateEnemy 1.5.0]
[Info   :SpectateEnemy] SpectateEnemy loaded!
[Info   :   BepInEx] Loading [Yippee tbh mod 1.2.1]
[Info   :sunnobunno.YippeeMod] Yippee Mod is loading.
[Info   :sunnobunno.YippeeMod] C:\Program Files (x86)\Steam\steamapps\common\Lethal Company\BepInEx\plugins\yippeesound
[Info   :sunnobunno.YippeeMod] Yippee Mod is loaded. Yippee!!!
[Info   :   BepInEx] Loading [LC Always Hear Active Walkies 1.4.2]
[Info   :suskitech.LCAlwaysHearActiveWalkie] \ /
[Info   :suskitech.LCAlwaysHearActiveWalkie] /|\
[Info   :suskitech.LCAlwaysHearActiveWalkie]  |----|
[Info   :suskitech.LCAlwaysHearActiveWalkie]  |[__]| Always Hear Active Walkies
[Info   :suskitech.LCAlwaysHearActiveWalkie]  |.  .| Version 1.4.2 Loaded
[Info   :suskitech.LCAlwaysHearActiveWalkie]  |____|
[Info   :   BepInEx] Loading [Remote Remaster 1.0.1.0]
[Info   :SZAKI.RemoteRemaster] Successfully awaken!
[Info   :   BepInEx] Loading [BetterSprayPaint 1.0.0]
[Info   :BetterSprayPaint] Loading taffyko.BetterSprayPaint
[Info   :   BepInEx] Loading [TreysHealthText 1.1.0]
[Info   :TreysHealthText] Plugin TreysHealthText is loaded!
[Info   :TreysHealthText] Harmony patches applied.
[Info   :   BepInEx] Loading [Terminal Extras 1.0.1]
[Info   :   BepInEx] Loading [More Suits 1.1.0]
[Info   :More Suits] Plugin More Suits is loaded!
[Info   :   BepInEx] Loading [Too Many Suits 1.0.4]
[Info   :   BepInEx] Loading [Mimics 2.0.0]
[Info   :    Mimics] Plugin Mimics is loaded!
[Message:   BepInEx] Chainloader startup complete
[Message:    LC_API] BundleAPI will now load all asset bundles...
[Warning:    LC_API] The path BepInEx > Bundles is outdated and should not be used anymore! Bundles will be loaded from BepInEx > plugins from now on
[Message:    LC_API] BundleAPI got 2 AssetBundles to load!
[Message:    LC_API] Got asset for load: assets/diagetic.mixer
[Message:    LC_API] Loaded asset: Diagetic
[Message:    LC_API] Got asset for load: assets/compass/compass.png
[Message:    LC_API] Loaded asset: compass
[Message:    LC_API] Got asset for load: assets/compass/compass_shifted.png
[Message:    LC_API] Loaded asset: compass_shifted
[Message:    LC_API] Got asset for load: assets/compass/compassmask.png
[Message:    LC_API] Loaded asset: CompassMask
[Message:    LC_API] Got asset for load: assets/compass/indicatortexture.png
[Message:    LC_API] Loaded asset: IndicatorTexture
[Message:    LC_API] Got asset for load: assets/compass/mask.prefab
[Message:    LC_API] Loaded asset: Mask
[Message:    LC_API] BundleAPI got 10 AssetBundles to load!
[Message:    LC_API] Got asset for load: assets/bundledassets/suitselect/suitselect.prefab
[Message:    LC_API] Loaded asset: SuitSelect
[Error  :    LC_API] Failed to load an assetbundle! Path: C:\Program Files (x86)\Steam\steamapps\common\Lethal Company\BepInEx\plugins\yippeesound
[Message:    LC_API] Got asset for load: assets/model/12皮肤试验/admin_12dora.png
[Message:    LC_API] Loaded asset: Admin_12dora
[Message:    LC_API] Got asset for load: assets/model/12皮肤试验/materials/admin_12dora.mat
[Message:    LC_API] Loaded asset: Admin_12dora
[Message:    LC_API] Got asset for load: assets/model/12皮肤试验/mc头12实验fbx.fbx
[Message:    LC_API] Loaded asset: mc头12实验fbx
[Message:    LC_API] Got asset for load: assets/morecompanycosmetics/scripts/cosmeticinstance.cs
[Message:    LC_API] Loaded asset: CosmeticInstance
[Message:    LC_API] Got asset for load: assets/morehead/icon/shiertou.png
[Message:    LC_API] Loaded asset: Shiertou
[Message:    LC_API] Got asset for load: assets/morehead/shierdoratou.prefab
[Message:    LC_API] Loaded asset: Shierdoratou
[Message:    LC_API] Got asset for load: packages/com.unity.render-pipelines.core/runtime/renderpipelineresources/fallbackshader.shader
[Message:    LC_API] Loaded asset: Hidden/Core/FallbackError
[Message:    LC_API] Got asset for load: packages/com.unity.render-pipelines.high-definition/runtime/material/fallbackerror.shader
[Message:    LC_API] Loaded asset: Hidden/HDRP/FallbackError
[Message:    LC_API] Got asset for load: packages/com.unity.render-pipelines.high-definition/runtime/material/lit/lit.shader
[Message:    LC_API] Loaded asset: HDRP/Lit
[Message:    LC_API] Got asset for load: assets/model/12皮肤试验/14mango.png
[Message:    LC_API] Loaded asset: 14ManGo
[Message:    LC_API] Got asset for load: assets/model/12皮肤试验/materials/admin_12dora.mat
[Error  :    LC_API] BundleAPI got duplicate asset!
[Message:    LC_API] Got asset for load: assets/model/12皮肤试验/materials/admin_12dora.mat
[Error  :    LC_API] BundleAPI got duplicate asset!
[Message:    LC_API] Got asset for load: assets/model/12皮肤试验/materials/admin_12dora.mat
[Error  :    LC_API] BundleAPI got duplicate asset!
[Message:    LC_API] Got asset for load: assets/morecompanycosmetics/captur4e.png
[Message:    LC_API] Loaded asset: Captur4e
[Message:    LC_API] Got asset for load: assets/morecompanycosmetics/diamondarmor.fbx
[Message:    LC_API] Loaded asset: diamondarmor
[Message:    LC_API] Got asset for load: assets/morecompanycosmetics/diamondchestplatecosmetic.prefab
[Message:    LC_API] Loaded asset: DiamondChestplateCosmetic
[Message:    LC_API] Got asset for load: assets/morecompanycosmetics/scripts/cosmeticinstance.cs
[Error  :    LC_API] BundleAPI got duplicate asset!
[Message:    LC_API] Got asset for load: assets/model/12皮肤试验/materials/admin_12dora.mat
[Error  :    LC_API] BundleAPI got duplicate asset!
[Error  :    LC_API] Failed to load an assetbundle! Path: C:\Program Files (x86)\Steam\steamapps\common\Lethal Company\BepInEx\plugins\MoreEmotes\animationsbundle
[Error  :    LC_API] Failed to load an assetbundle! Path: C:\Program Files (x86)\Steam\steamapps\common\Lethal Company\BepInEx\plugins\MoreEmotes\animatorbundle
[Message:    LC_API] BundleAPI finished loading all assets.
[Message:    LC_API] BundleAPI finished loading all assets.
[Info   :    LC_API] LC_API Started!
[Message:    LC_API] server pre-setup success
[Message:Terminal Api] Added ftf0 keyword to terminal keywords.
[Message:Terminal Api] Added detailed keyword to terminal keywords.
[Message:Terminal Api] Added ftf1 keyword to terminal keywords.
[Message:Terminal Api] Added ds keyword to terminal keywords.
[Info   :Custom Boombox Music] Preparing to load AudioClips...
[Info   :Custom Boombox Music] Loading C:\Program Files (x86)\Steam\steamapps\common\Lethal Company\BepInEx\Custom Songs\Boombox Music\Among Us - Гимн Among Drip.mp3!
[Info   :Custom Boombox Music] Loading C:\Program Files (x86)\Steam\steamapps\common\Lethal Company\BepInEx\Custom Songs\Boombox Music\Awolnation-Run.mp3!
[Info   :Custom Boombox Music] Loading C:\Program Files (x86)\Steam\steamapps\common\Lethal Company\BepInEx\Custom Songs\Boombox Music\Bass.mp3!
[Info   :Custom Boombox Music] Loading C:\Program Files (x86)\Steam\steamapps\common\Lethal Company\BepInEx\Custom Songs\Boombox Music\DailyRay-pelmeni.mp3!
[Info   :Custom Boombox Music] Loading C:\Program Files (x86)\Steam\steamapps\common\Lethal Company\BepInEx\Custom Songs\Boombox Music\dancing pirate - me listening to 1700 sea shanties.mp3!
[Info   :Custom Boombox Music] Loading C:\Program Files (x86)\Steam\steamapps\common\Lethal Company\BepInEx\Custom Songs\Boombox Music\DAVID BEATS - симпл димпл поп ит сквиш фонк.mp3!
[Info   :Custom Boombox Music] Loading C:\Program Files (x86)\Steam\steamapps\common\Lethal Company\BepInEx\Custom Songs\Boombox Music\Def1xxx - kapitan x Whistle baby.mp3!
[Info   :Custom Boombox Music] Loading C:\Program Files (x86)\Steam\steamapps\common\Lethal Company\BepInEx\Custom Songs\Boombox Music\Ernest Merkel(Remix).mp3!
[Info   :Custom Boombox Music] Loading C:\Program Files (x86)\Steam\steamapps\common\Lethal Company\BepInEx\Custom Songs\Boombox Music\ESIKO - Я карта.mp3!
[Info   :Custom Boombox Music] Loading C:\Program Files (x86)\Steam\steamapps\common\Lethal Company\BepInEx\Custom Songs\Boombox Music\g3ox_em - GigaChad Theme (Phonk House Version).mp3!
[Info   :Custom Boombox Music] Loading C:\Program Files (x86)\Steam\steamapps\common\Lethal Company\BepInEx\Custom Songs\Boombox Music\Ghostface Playa - Why Not.mp3!
[Info   :Custom Boombox Music] Loading C:\Program Files (x86)\Steam\steamapps\common\Lethal Company\BepInEx\Custom Songs\Boombox Music\Hampster - Hamster Dance Song.mp3!
[Info   :Custom Boombox Music] Loading C:\Program Files (x86)\Steam\steamapps\common\Lethal Company\BepInEx\Custom Songs\Boombox Music\Hanny Williams - X-Files.mp3!
[Info   :Custom Boombox Music] Loading C:\Program Files (x86)\Steam\steamapps\common\Lethal Company\BepInEx\Custom Songs\Boombox Music\horse.mp3!
[Info   :Custom Boombox Music] Loading C:\Program Files (x86)\Steam\steamapps\common\Lethal Company\BepInEx\Custom Songs\Boombox Music\Hot Butter - Popcorn (1972).mp3!
[Info   :Custom Boombox Music] Loading C:\Program Files (x86)\Steam\steamapps\common\Lethal Company\BepInEx\Custom Songs\Boombox Music\kanash - Клэймэн достал соседа.mp3!
[Info   :Custom Boombox Music] Loading C:\Program Files (x86)\Steam\steamapps\common\Lethal Company\BepInEx\Custom Songs\Boombox Music\Kevin MacLeod- Jaunty Gumption.mp3!
[Info   :Custom Boombox Music] Loading C:\Program Files (x86)\Steam\steamapps\common\Lethal Company\BepInEx\Custom Songs\Boombox Music\Kiddo Laser & Arthas - We Are Number One.mp3!
[Info   :Custom Boombox Music] Loading C:\Program Files (x86)\Steam\steamapps\common\Lethal Company\BepInEx\Custom Songs\Boombox Music\Kirin J Callinan feat. Molly Lewis, Jimmy Barnes - Big Enough.mp3!
[Info   :Custom Boombox Music] Loading C:\Program Files (x86)\Steam\steamapps\common\Lethal Company\BepInEx\Custom Songs\Boombox Music\Klinoff - Bad Piggies Remix.mp3!
[Info   :Custom Boombox Music] Loading C:\Program Files (x86)\Steam\steamapps\common\Lethal Company\BepInEx\Custom Songs\Boombox Music\library.mp3!
[Info   :Custom Boombox Music] Loading C:\Program Files (x86)\Steam\steamapps\common\Lethal Company\BepInEx\Custom Songs\Boombox Music\LIDA x Николай Басков & Натали - LIDA x Николай Басков & Натали - КОЛЯ КОЛЯ.mp3!
[Info   :Custom Boombox Music] Loading C:\Program Files (x86)\Steam\steamapps\common\Lethal Company\BepInEx\Custom Songs\Boombox Music\masha.mp3!
[Info   :Custom Boombox Music] Loading C:\Program Files (x86)\Steam\steamapps\common\Lethal Company\BepInEx\Custom Songs\Boombox Music\MC Dimanche.mp3!
[Info   :Custom Boombox Music] Loading C:\Program Files (x86)\Steam\steamapps\common\Lethal Company\BepInEx\Custom Songs\Boombox Music\Morgenstern × украинская песня - dinero × бегает по полю весело кабанчик (remix).mp3!
[Info   :Custom Boombox Music] Loading C:\Program Files (x86)\Steam\steamapps\common\Lethal Company\BepInEx\Custom Songs\Boombox Music\OST Shrek 1 - All Star .mp3!
[Info   :Custom Boombox Music] Loading C:\Program Files (x86)\Steam\steamapps\common\Lethal Company\BepInEx\Custom Songs\Boombox Music\Phonk Reid - Skibidi bop yes yes.mp3!
[Info   :Custom Boombox Music] Loading C:\Program Files (x86)\Steam\steamapps\common\Lethal Company\BepInEx\Custom Songs\Boombox Music\PUPLE - Воронины.mp3!
[Info   :Custom Boombox Music] Loading C:\Program Files (x86)\Steam\steamapps\common\Lethal Company\BepInEx\Custom Songs\Boombox Music\Red Alert 3 - Soviet Marc.mp3!
[Info   :Custom Boombox Music] Loading C:\Program Files (x86)\Steam\steamapps\common\Lethal Company\BepInEx\Custom Songs\Boombox Music\Scatman John - Scatman (ski-ba-bop-ba-dop-bop).mp3!
[Info   :Custom Boombox Music] Loading C:\Program Files (x86)\Steam\steamapps\common\Lethal Company\BepInEx\Custom Songs\Boombox Music\Seinfield - Theme (32 kbps).mp3!
[Info   :Custom Boombox Music] Loading C:\Program Files (x86)\Steam\steamapps\common\Lethal Company\BepInEx\Custom Songs\Boombox Music\sfainter - Digital.mp3!
[Info   :Custom Boombox Music] Loading C:\Program Files (x86)\Steam\steamapps\common\Lethal Company\BepInEx\Custom Songs\Boombox Music\shaman-ja-russkijj.mp3!
[Info   :Custom Boombox Music] Loading C:\Program Files (x86)\Steam\steamapps\common\Lethal Company\BepInEx\Custom Songs\Boombox Music\Toby Fox - Nyeh Heh Heh.mp3!
[Info   :Custom Boombox Music] Loading C:\Program Files (x86)\Steam\steamapps\common\Lethal Company\BepInEx\Custom Songs\Boombox Music\vakcina.mp3!
[Info   :Custom Boombox Music] Loading C:\Program Files (x86)\Steam\steamapps\common\Lethal Company\BepInEx\Custom Songs\Boombox Music\what - .mp3!
[Info   :Custom Boombox Music] Loading C:\Program Files (x86)\Steam\steamapps\common\Lethal Company\BepInEx\Custom Songs\Boombox Music\бига егоров - иди за иисусом.mp3!
[Info   :Custom Boombox Music] Loading C:\Program Files (x86)\Steam\steamapps\common\Lethal Company\BepInEx\Custom Songs\Boombox Music\Билли Джин - Кувшин .mp3!
[Info   :Custom Boombox Music] Loading C:\Program Files (x86)\Steam\steamapps\common\Lethal Company\BepInEx\Custom Songs\Boombox Music\господь - Это господь .mp3!
[Info   :Custom Boombox Music] Loading C:\Program Files (x86)\Steam\steamapps\common\Lethal Company\BepInEx\Custom Songs\Boombox Music\Миль Попс - Миль попс жу жу жу, жу жу жу.mp3!
[Info   :Custom Boombox Music] Loading C:\Program Files (x86)\Steam\steamapps\common\Lethal Company\BepInEx\Custom Songs\Boombox Music\мыть - Попу.mp3!
[Info   :Custom Boombox Music] Loading C:\Program Files (x86)\Steam\steamapps\common\Lethal Company\BepInEx\Custom Songs\Boombox Music\Они - Вишнёвая Семёрка.mp3!
[Info   :Custom Boombox Music] Loading C:\Program Files (x86)\Steam\steamapps\common\Lethal Company\BepInEx\Custom Songs\Boombox Music\Оп - Ап оп ап оп.mp3!
[Info   :Custom Boombox Music] Loading C:\Program Files (x86)\Steam\steamapps\common\Lethal Company\BepInEx\Custom Songs\Boombox Music\помидоры - помидоры.mp3!
[Info   :Custom Boombox Music] Loading C:\Program Files (x86)\Steam\steamapps\common\Lethal Company\BepInEx\Custom Songs\Boombox Music\Смешарики, Марина Ланда, Сергей Мардарь - Обормот.mp3!
[Info   :Custom Boombox Music] Loading C:\Program Files (x86)\Steam\steamapps\common\Lethal Company\BepInEx\Custom Songs\Boombox Music\ТынДынДын - Мы жарим картошку.mp3!
[Info   :Custom Boombox Music] Loading C:\Program Files (x86)\Steam\steamapps\common\Lethal Company\BepInEx\Custom Songs\Boombox Music\ФЛЕКСЕР 7331 - CC Catch - Cause You Bogdan.mp3!
[Info   :Custom Boombox Music] Loading C:\Program Files (x86)\Steam\steamapps\common\Lethal Company\BepInEx\Custom Songs\Boombox Music\я в джакузи я в джакузи это факт - я в джакузи я в джакузи это факт.mp3!
[Info   :com.malco.lethalcompany.customhorn] Loading C:\Program Files (x86)\Steam\steamapps\common\Lethal Company\BepInEx\CustomHorn\SUS - AMOGUS.mp3!
[Info   :TreysHealthText] UpdatedHealth
[Info   :RugbugRedfern.SkinwalkerMod] HOST SENDING CONFIG TO CLIENTS
[Info   :RugbugRedfern.SkinwalkerMod] SkinwalkerNetworkManager Awake
[Info   :MaskedEnemyRework] Found Flowerman!
[Info   :MaskedEnemyRework] Found Flowerman!
[Info   :MaskedEnemyRework] Found Flowerman!
[Info   :MaskedEnemyRework] Found Flowerman!
[Info   :MaskedEnemyRework] Found Flowerman!
[Info   :MaskedEnemyRework] Found Flowerman!
[Info   :MaskedEnemyRework] Found Masked!
[Info   :MaskedEnemyRework] Found Flowerman!
[Info   :MaskedEnemyRework] Found Flowerman!
[Info   :MaskedEnemyRework] Found Masked!
[Info   :MetalPipeSFX.HornMoan] Loaded C:\Program Files (x86)\Steam\steamapps\common\Lethal Company\BepInEx\plugins\MetalPipeSFX-HornMoan\Moaning1.mp3
[Info   :MetalPipeSFX.HornMoan] Loaded C:\Program Files (x86)\Steam\steamapps\common\Lethal Company\BepInEx\plugins\MetalPipeSFX-HornMoan\MoaningFar.mp3
[Info   :MetalPipeSFX.HornMoan] Loaded C:\Program Files (x86)\Steam\steamapps\common\Lethal Company\BepInEx\plugins\MetalPipeSFX-HornMoan\Moaning1.mp3
[Info   :MetalPipeSFX.HornMoan] Loaded C:\Program Files (x86)\Steam\steamapps\common\Lethal Company\BepInEx\plugins\MetalPipeSFX-HornMoan\MoaningFar.mp3
[Info   :RugbugRedfern.SkinwalkerMod] Audio folder not present. Don't worry about it, it will be created automatically when you play with friends. (C:/Program Files (x86)/Steam/steamapps/common/Lethal Company/Lethal Company_Data\..\Dissonance_Diagnostics)
[Warning:    LC_API] Asking all other players for their mod list..
[Info   :Custom Boombox Music] Loaded C:\Program Files (x86)\Steam\steamapps\common\Lethal Company\BepInEx\Custom Songs\Boombox Music\Among Us - Гимн Among Drip.mp3
[Info   :Custom Boombox Music] Loaded C:\Program Files (x86)\Steam\steamapps\common\Lethal Company\BepInEx\Custom Songs\Boombox Music\Awolnation-Run.mp3
[Info   :Custom Boombox Music] Loaded C:\Program Files (x86)\Steam\steamapps\common\Lethal Company\BepInEx\Custom Songs\Boombox Music\Bass.mp3
[Info   :Custom Boombox Music] Loaded C:\Program Files (x86)\Steam\steamapps\common\Lethal Company\BepInEx\Custom Songs\Boombox Music\DailyRay-pelmeni.mp3
[Info   :Custom Boombox Music] Loaded C:\Program Files (x86)\Steam\steamapps\common\Lethal Company\BepInEx\Custom Songs\Boombox Music\dancing pirate - me listening to 1700 sea shanties.mp3
[Info   :Custom Boombox Music] Loaded C:\Program Files (x86)\Steam\steamapps\common\Lethal Company\BepInEx\Custom Songs\Boombox Music\DAVID BEATS - симпл димпл поп ит сквиш фонк.mp3
[Info   :Custom Boombox Music] Loaded C:\Program Files (x86)\Steam\steamapps\common\Lethal Company\BepInEx\Custom Songs\Boombox Music\Def1xxx - kapitan x Whistle baby.mp3
[Info   :Custom Boombox Music] Loaded C:\Program Files (x86)\Steam\steamapps\common\Lethal Company\BepInEx\Custom Songs\Boombox Music\Ernest Merkel(Remix).mp3
[Info   :Custom Boombox Music] Loaded C:\Program Files (x86)\Steam\steamapps\common\Lethal Company\BepInEx\Custom Songs\Boombox Music\ESIKO - Я карта.mp3
[Info   :Custom Boombox Music] Loaded C:\Program Files (x86)\Steam\steamapps\common\Lethal Company\BepInEx\Custom Songs\Boombox Music\g3ox_em - GigaChad Theme (Phonk House Version).mp3
[Info   :Custom Boombox Music] Loaded C:\Program Files (x86)\Steam\steamapps\common\Lethal Company\BepInEx\Custom Songs\Boombox Music\Ghostface Playa - Why Not.mp3
[Info   :Custom Boombox Music] Loaded C:\Program Files (x86)\Steam\steamapps\common\Lethal Company\BepInEx\Custom Songs\Boombox Music\Hampster - Hamster Dance Song.mp3
[Info   :Custom Boombox Music] Loaded C:\Program Files (x86)\Steam\steamapps\common\Lethal Company\BepInEx\Custom Songs\Boombox Music\Hanny Williams - X-Files.mp3
[Info   :Custom Boombox Music] Loaded C:\Program Files (x86)\Steam\steamapps\common\Lethal Company\BepInEx\Custom Songs\Boombox Music\horse.mp3
[Info   :Custom Boombox Music] Loaded C:\Program Files (x86)\Steam\steamapps\common\Lethal Company\BepInEx\Custom Songs\Boombox Music\Hot Butter - Popcorn (1972).mp3
[Info   :Custom Boombox Music] Loaded C:\Program Files (x86)\Steam\steamapps\common\Lethal Company\BepInEx\Custom Songs\Boombox Music\kanash - Клэймэн достал соседа.mp3
[Info   :Custom Boombox Music] Loaded C:\Program Files (x86)\Steam\steamapps\common\Lethal Company\BepInEx\Custom Songs\Boombox Music\Kevin MacLeod- Jaunty Gumption.mp3
[Info   :Custom Boombox Music] Loaded C:\Program Files (x86)\Steam\steamapps\common\Lethal Company\BepInEx\Custom Songs\Boombox Music\Kiddo Laser & Arthas - We Are Number One.mp3
[Info   :Custom Boombox Music] Loaded C:\Program Files (x86)\Steam\steamapps\common\Lethal Company\BepInEx\Custom Songs\Boombox Music\Kirin J Callinan feat. Molly Lewis, Jimmy Barnes - Big Enough.mp3
[Info   :Custom Boombox Music] Loaded C:\Program Files (x86)\Steam\steamapps\common\Lethal Company\BepInEx\Custom Songs\Boombox Music\Klinoff - Bad Piggies Remix.mp3
[Info   :Custom Boombox Music] Loaded C:\Program Files (x86)\Steam\steamapps\common\Lethal Company\BepInEx\Custom Songs\Boombox Music\library.mp3
[Info   :Custom Boombox Music] Loaded C:\Program Files (x86)\Steam\steamapps\common\Lethal Company\BepInEx\Custom Songs\Boombox Music\LIDA x Николай Басков & Натали - LIDA x Николай Басков & Натали - КОЛЯ КОЛЯ.mp3
[Info   :Custom Boombox Music] Loaded C:\Program Files (x86)\Steam\steamapps\common\Lethal Company\BepInEx\Custom Songs\Boombox Music\masha.mp3
[Info   :Custom Boombox Music] Loaded C:\Program Files (x86)\Steam\steamapps\common\Lethal Company\BepInEx\Custom Songs\Boombox Music\MC Dimanche.mp3
[Info   :Custom Boombox Music] Loaded C:\Program Files (x86)\Steam\steamapps\common\Lethal Company\BepInEx\Custom Songs\Boombox Music\Morgenstern × украинская песня - dinero × бегает по полю весело кабанчик (remix).mp3
[Info   :Custom Boombox Music] Loaded C:\Program Files (x86)\Steam\steamapps\common\Lethal Company\BepInEx\Custom Songs\Boombox Music\OST Shrek 1 - All Star .mp3
[Info   :Custom Boombox Music] Loaded C:\Program Files (x86)\Steam\steamapps\common\Lethal Company\BepInEx\Custom Songs\Boombox Music\Phonk Reid - Skibidi bop yes yes.mp3
[Info   :Custom Boombox Music] Loaded C:\Program Files (x86)\Steam\steamapps\common\Lethal Company\BepInEx\Custom Songs\Boombox Music\PUPLE - Воронины.mp3
[Info   :Custom Boombox Music] Loaded C:\Program Files (x86)\Steam\steamapps\common\Lethal Company\BepInEx\Custom Songs\Boombox Music\Red Alert 3 - Soviet Marc.mp3
[Info   :Custom Boombox Music] Loaded C:\Program Files (x86)\Steam\steamapps\common\Lethal Company\BepInEx\Custom Songs\Boombox Music\Scatman John - Scatman (ski-ba-bop-ba-dop-bop).mp3
[Info   :Custom Boombox Music] Loaded C:\Program Files (x86)\Steam\steamapps\common\Lethal Company\BepInEx\Custom Songs\Boombox Music\Seinfield - Theme (32 kbps).mp3
[Info   :Custom Boombox Music] Loaded C:\Program Files (x86)\Steam\steamapps\common\Lethal Company\BepInEx\Custom Songs\Boombox Music\sfainter - Digital.mp3
[Info   :Custom Boombox Music] Loaded C:\Program Files (x86)\Steam\steamapps\common\Lethal Company\BepInEx\Custom Songs\Boombox Music\shaman-ja-russkijj.mp3
[Info   :Custom Boombox Music] Loaded C:\Program Files (x86)\Steam\steamapps\common\Lethal Company\BepInEx\Custom Songs\Boombox Music\Toby Fox - Nyeh Heh Heh.mp3
[Info   :Custom Boombox Music] Loaded C:\Program Files (x86)\Steam\steamapps\common\Lethal Company\BepInEx\Custom Songs\Boombox Music\vakcina.mp3
[Info   :Custom Boombox Music] Loaded C:\Program Files (x86)\Steam\steamapps\common\Lethal Company\BepInEx\Custom Songs\Boombox Music\what - .mp3
[Info   :Custom Boombox Music] Loaded C:\Program Files (x86)\Steam\steamapps\common\Lethal Company\BepInEx\Custom Songs\Boombox Music\бига егоров - иди за иисусом.mp3
[Info   :Custom Boombox Music] Loaded C:\Program Files (x86)\Steam\steamapps\common\Lethal Company\BepInEx\Custom Songs\Boombox Music\Билли Джин - Кувшин .mp3
[Info   :Custom Boombox Music] Loaded C:\Program Files (x86)\Steam\steamapps\common\Lethal Company\BepInEx\Custom Songs\Boombox Music\господь - Это господь .mp3
[Info   :Custom Boombox Music] Loaded C:\Program Files (x86)\Steam\steamapps\common\Lethal Company\BepInEx\Custom Songs\Boombox Music\Миль Попс - Миль попс жу жу жу, жу жу жу.mp3
[Info   :Custom Boombox Music] Loaded C:\Program Files (x86)\Steam\steamapps\common\Lethal Company\BepInEx\Custom Songs\Boombox Music\мыть - Попу.mp3
[Info   :Custom Boombox Music] Loaded C:\Program Files (x86)\Steam\steamapps\common\Lethal Company\BepInEx\Custom Songs\Boombox Music\Они - Вишнёвая Семёрка.mp3
[Info   :Custom Boombox Music] Loaded C:\Program Files (x86)\Steam\steamapps\common\Lethal Company\BepInEx\Custom Songs\Boombox Music\Оп - Ап оп ап оп.mp3
[Info   :Custom Boombox Music] Loaded C:\Program Files (x86)\Steam\steamapps\common\Lethal Company\BepInEx\Custom Songs\Boombox Music\помидоры - помидоры.mp3
[Info   :Custom Boombox Music] Loaded C:\Program Files (x86)\Steam\steamapps\common\Lethal Company\BepInEx\Custom Songs\Boombox Music\Смешарики, Марина Ланда, Сергей Мардарь - Обормот.mp3
[Info   :Custom Boombox Music] Loaded C:\Program Files (x86)\Steam\steamapps\common\Lethal Company\BepInEx\Custom Songs\Boombox Music\ТынДынДын - Мы жарим картошку.mp3
[Info   :Custom Boombox Music] Loaded C:\Program Files (x86)\Steam\steamapps\common\Lethal Company\BepInEx\Custom Songs\Boombox Music\ФЛЕКСЕР 7331 - CC Catch - Cause You Bogdan.mp3
[Info   :Custom Boombox Music] Loaded C:\Program Files (x86)\Steam\steamapps\common\Lethal Company\BepInEx\Custom Songs\Boombox Music\я в джакузи я в джакузи это факт - я в джакузи я в джакузи это факт.mp3
[Info   :com.malco.lethalcompany.customhorn] Loaded C:\Program Files (x86)\Steam\steamapps\common\Lethal Company\BepInEx\CustomHorn\SUS - AMOGUS.mp3
[Info   :com.malco.lethalcompany.customhorn] Clips loaded: 1
[Info   :RugbugRedfern.SkinwalkerMod] Audio folder not present. Don't worry about it, it will be created automatically when you play with friends. (C:/Program Files (x86)/Steam/steamapps/common/Lethal Company/Lethal Company_Data\..\Dissonance_Diagnostics)
[Info   :RugbugRedfern.SkinwalkerMod] Audio folder not present. Don't worry about it, it will be created automatically when you play with friends. (C:/Program Files (x86)/Steam/steamapps/common/Lethal Company/Lethal Company_Data\..\Dissonance_Diagnostics)
[Info   :RugbugRedfern.SkinwalkerMod] Audio folder not present. Don't worry about it, it will be created automatically when you play with friends. (C:/Program Files (x86)/Steam/steamapps/common/Lethal Company/Lethal Company_Data\..\Dissonance_Diagnostics)
[Info   :RugbugRedfern.SkinwalkerMod] Audio folder not present. Don't worry about it, it will be created automatically when you play with friends. (C:/Program Files (x86)/Steam/steamapps/common/Lethal Company/Lethal Company_Data\..\Dissonance_Diagnostics)
[Info   :RugbugRedfern.SkinwalkerMod] Audio folder not present. Don't worry about it, it will be created automatically when you play with friends. (C:/Program Files (x86)/Steam/steamapps/common/Lethal Company/Lethal Company_Data\..\Dissonance_Diagnostics)
[Info   :RugbugRedfern.SkinwalkerMod] Audio folder not present. Don't worry about it, it will be created automatically when you play with friends. (C:/Program Files (x86)/Steam/steamapps/common/Lethal Company/Lethal Company_Data\..\Dissonance_Diagnostics)
[Info   :RugbugRedfern.SkinwalkerMod] Audio folder not present. Don't worry about it, it will be created automatically when you play with friends. (C:/Program Files (x86)/Steam/steamapps/common/Lethal Company/Lethal Company_Data\..\Dissonance_Diagnostics)
[Info   :RugbugRedfern.SkinwalkerMod] Audio folder not present. Don't worry about it, it will be created automatically when you play with friends. (C:/Program Files (x86)/Steam/steamapps/common/Lethal Company/Lethal Company_Data\..\Dissonance_Diagnostics)
[Info   :RugbugRedfern.SkinwalkerMod] Audio folder not present. Don't worry about it, it will be created automatically when you play with friends. (C:/Program Files (x86)/Steam/steamapps/common/Lethal Company/Lethal Company_Data\..\Dissonance_Diagnostics)
[Info   :RugbugRedfern.SkinwalkerMod] Audio folder not present. Don't worry about it, it will be created automatically when you play with friends. (C:/Program Files (x86)/Steam/steamapps/common/Lethal Company/Lethal Company_Data\..\Dissonance_Diagnostics)
[Info   :RugbugRedfern.SkinwalkerMod] Audio folder not present. Don't worry about it, it will be created automatically when you play with friends. (C:/Program Files (x86)/Steam/steamapps/common/Lethal Company/Lethal Company_Data\..\Dissonance_Diagnostics)
[Info   :RugbugRedfern.SkinwalkerMod] SkinwalkerNetworkManager OnDestroy
